  Moc'ing GUI.h...
  controller.cpp
controller.cpp(5): error C2059: syntax error: 'using namespace'
controller.cpp(5): error C2238: unexpected token(s) preceding ';'
controller.cpp(8): error C2535: 'void controller::addPlayer(const std::string &,const std::string &,const std::string &,int)': member function already defined or declared
  c:\faculta\dsa\handbal\handbal\controller.h(31): note: see declaration of 'controller::addPlayer'
c:\faculta\dsa\handbal\handbal\controller.h(20): fatal error C1075: the left brace '{' was unmatched at the end of the file
  moc_GUI.cpp
GeneratedFiles\Debug\moc_GUI.cpp(30): error C2864: 'controller::qt_meta_stringdata_GUI': a static data member with an in-class initializer must have non-volatile const integral type
  GeneratedFiles\Debug\moc_GUI.cpp(36): note: type is 'const controller::qt_meta_stringdata_GUI_t'
GeneratedFiles\Debug\moc_GUI.cpp(39): error C2864: 'controller::qt_meta_data_GUI': a static data member with an in-class initializer must have non-volatile const integral type
  GeneratedFiles\Debug\moc_GUI.cpp(53): note: type is 'const uint []'
GeneratedFiles\Debug\moc_GUI.cpp(56): error C3254: 'controller': class contains explicit override 'qt_static_metacall' but does not derive from an interface that contains the function declaration
GeneratedFiles\Debug\moc_GUI.cpp(56): error C2838: 'qt_static_metacall': illegal qualified name in member declaration
GeneratedFiles\Debug\moc_GUI.cpp(66): error C2838: 'staticMetaObject': illegal qualified name in member declaration
GeneratedFiles\Debug\moc_GUI.cpp(70): error C3254: 'controller': class contains explicit override 'metaObject' but does not derive from an interface that contains the function declaration
GeneratedFiles\Debug\moc_GUI.cpp(70): error C2838: 'metaObject': illegal qualified name in member declaration
GeneratedFiles\Debug\moc_GUI.cpp(75): error C3254: 'controller': class contains explicit override 'qt_metacast' but does not derive from an interface that contains the function declaration
GeneratedFiles\Debug\moc_GUI.cpp(75): error C2838: 'qt_metacast': illegal qualified name in member declaration
GeneratedFiles\Debug\moc_GUI.cpp(83): error C3254: 'controller': class contains explicit override 'qt_metacall' but does not derive from an interface that contains the function declaration
GeneratedFiles\Debug\moc_GUI.cpp(83): error C2838: 'qt_metacall': illegal qualified name in member declaration
c:\faculta\dsa\handbal\handbal\controller.h(20): fatal error C1075: the left brace '{' was unmatched at the end of the file
  GUI.cpp
c:\Qt\Qt5.6.0\5.6\msvc2015_64\include\QtWidgets/qlayoutitem.h(83): error C3254: 'controller': class contains explicit override '{ctor}' but does not derive from an interface that contains the function declaration
c:\Qt\Qt5.6.0\5.6\msvc2015_64\include\QtWidgets/qlayoutitem.h(83): error C2838: '{ctor}': illegal qualified name in member declaration
c:\Qt\Qt5.6.0\5.6\msvc2015_64\include\QtWidgets/qlayoutitem.h(159): error C2079: 'controller::QWidgetItemV2::q_cachedMinimumSize' uses undefined class 'controller::QSize'
c:\Qt\Qt5.6.0\5.6\msvc2015_64\include\QtWidgets/qlayoutitem.h(160): error C2079: 'controller::QWidgetItemV2::q_cachedSizeHint' uses undefined class 'controller::QSize'
c:\Qt\Qt5.6.0\5.6\msvc2015_64\include\QtWidgets/qlayoutitem.h(161): error C2079: 'controller::QWidgetItemV2::q_cachedMaximumSize' uses undefined class 'controller::QSize'
c:\Qt\Qt5.6.0\5.6\msvc2015_64\include\QtWidgets/qlayoutitem.h(162): error C2148: total size of array must not exceed 0x7fffffff bytes
c:\Qt\Qt5.6.0\5.6\msvc2015_64\include\QtWidgets/qlayoutitem.h(162): error C2079: 'controller::QWidgetItemV2::q_cachedHfws' uses undefined class 'controller::QSize'
c:\qt\qt5.6.0\5.6\msvc2015_64\include\qtwidgets\qlabel.h(91): error C2555: 'controller::QLabel::sizeHint': overriding virtual function return type differs and is not covariant from 'QFrame::sizeHint'
  c:\Qt\Qt5.6.0\5.6\msvc2015_64\include\QtWidgets/qframe.h(65): note: see declaration of 'QFrame::sizeHint'
c:\qt\qt5.6.0\5.6\msvc2015_64\include\qtwidgets\qlabel.h(92): error C2555: 'controller::QLabel::minimumSizeHint': overriding virtual function return type differs and is not covariant from 'QWidget::minimumSizeHint'
  c:\Qt\Qt5.6.0\5.6\msvc2015_64\include\QtWidgets\qwidget.h(501): note: see declaration of 'QWidget::minimumSizeHint'
c:\Qt\Qt5.6.0\5.6\msvc2015_64\include\QtWidgets/qdialog.h(46): error C2504: 'controller::QWidget': base class undefined
c:\Qt\Qt5.6.0\5.6\msvc2015_64\include\QtWidgets\qmessagebox.h(290): error C3668: 'controller::QMessageBox::event': method with override specifier 'override' did not override any base class methods
c:\Qt\Qt5.6.0\5.6\msvc2015_64\include\QtWidgets\qmessagebox.h(291): error C3668: 'controller::QMessageBox::resizeEvent': method with override specifier 'override' did not override any base class methods
c:\Qt\Qt5.6.0\5.6\msvc2015_64\include\QtWidgets\qmessagebox.h(292): error C3668: 'controller::QMessageBox::showEvent': method with override specifier 'override' did not override any base class methods
c:\Qt\Qt5.6.0\5.6\msvc2015_64\include\QtWidgets\qmessagebox.h(293): error C3668: 'controller::QMessageBox::closeEvent': method with override specifier 'override' did not override any base class methods
c:\Qt\Qt5.6.0\5.6\msvc2015_64\include\QtWidgets\qmessagebox.h(294): error C3668: 'controller::QMessageBox::keyPressEvent': method with override specifier 'override' did not override any base class methods
c:\Qt\Qt5.6.0\5.6\msvc2015_64\include\QtWidgets\qmessagebox.h(295): error C3668: 'controller::QMessageBox::changeEvent': method with override specifier 'override' did not override any base class methods
c:\Qt\Qt5.6.0\5.6\msvc2015_64\include\QtWidgets\qmessagebox.h(305): error C2804: binary 'operator |' has too many parameters
c:\Qt\Qt5.6.0\5.6\msvc2015_64\include\QtWidgets\qmessagebox.h(305): error C2333: 'controller::operator |': error in function declaration; skipping function body
c:\qt\qt5.6.0\5.6\msvc2015_64\include\qtwidgets\qmainwindow.h(53): error C2504: 'controller::QWidget': base class undefined
c:\qt\qt5.6.0\5.6\msvc2015_64\include\qtwidgets\qmainwindow.h(195): error C3668: 'controller::QMainWindow::contextMenuEvent': method with override specifier 'override' did not override any base class methods
c:\qt\qt5.6.0\5.6\msvc2015_64\include\qtwidgets\qmainwindow.h(197): error C3668: 'controller::QMainWindow::event': method with override specifier 'override' did not override any base class methods
c:\qt\qt5.6.0\5.6\msvc2015_64\include\qtwidgets\qmainwindow.h(204): error C2804: binary 'operator |' has too many parameters
c:\qt\qt5.6.0\5.6\msvc2015_64\include\qtwidgets\qmainwindow.h(204): error C2333: 'controller::operator |': error in function declaration; skipping function body
c:\Qt\Qt5.6.0\5.6\msvc2015_64\include\QtGui/qpen.h(49): error C2804: binary 'operator <<' has too many parameters
c:\Qt\Qt5.6.0\5.6\msvc2015_64\include\QtGui/qpen.h(50): error C2804: binary 'operator >>' has too many parameters
c:\Qt\Qt5.6.0\5.6\msvc2015_64\include\QtGui/qpen.h(126): error C3412: 'QTypeInfo<controller::QPen>': cannot specialize template in current scope
c:\Qt\Qt5.6.0\5.6\msvc2015_64\include\QtGui/qpen.h(129): error C2804: binary 'operator <<' has too many parameters
c:\Qt\Qt5.6.0\5.6\msvc2015_64\include\QtGui/qtextoption.h(136): error C2804: binary 'operator |' has too many parameters
c:\Qt\Qt5.6.0\5.6\msvc2015_64\include\QtGui/qtextoption.h(136): error C2333: 'controller::operator |': error in function declaration; skipping function body
c:\Qt\Qt5.6.0\5.6\msvc2015_64\include\QtGui/qtextoption.h(139): error C3254: 'controller': class contains explicit override 'setAlignment' but does not derive from an interface that contains the function declaration
c:\Qt\Qt5.6.0\5.6\msvc2015_64\include\QtGui/qtextoption.h(139): error C2838: 'setAlignment': illegal qualified name in member declaration
c:\Qt\Qt5.6.0\5.6\msvc2015_64\include\QtGui/qtextoption.h(142): error C3254: 'controller': class contains explicit override 'setFlags' but does not derive from an interface that contains the function declaration
c:\Qt\Qt5.6.0\5.6\msvc2015_64\include\QtGui/qtextoption.h(142): error C2838: 'setFlags': illegal qualified name in member declaration
c:\Qt\Qt5.6.0\5.6\msvc2015_64\include\QtGui/qtextoption.h(145): error C3254: 'controller': class contains explicit override 'setTabStop' but does not derive from an interface that contains the function declaration
c:\Qt\Qt5.6.0\5.6\msvc2015_64\include\QtGui/qtextoption.h(145): error C2838: 'setTabStop': illegal qualified name in member declaration
c:\Qt\Qt5.6.0\5.6\msvc2015_64\include\QtGui/qtextoption.h(149): error C3412: 'QMetaTypeId<controller::QTextOption::Tab>': cannot specialize template in current scope
c:\Qt\Qt5.6.0\5.6\msvc2015_64\include\QtGui/qtextformat.h(69): error C2804: binary 'operator <<' has too many parameters
c:\Qt\Qt5.6.0\5.6\msvc2015_64\include\QtGui/qtextformat.h(70): error C2804: binary 'operator >>' has too many parameters
c:\Qt\Qt5.6.0\5.6\msvc2015_64\include\QtGui/qtextformat.h(74): error C2804: binary 'operator <<' has too many parameters
c:\Qt\Qt5.6.0\5.6\msvc2015_64\include\QtGui/qtextformat.h(115): error C3254: 'controller': class contains explicit override '{ctor}' but does not derive from an interface that contains the function declaration
c:\Qt\Qt5.6.0\5.6\msvc2015_64\include\QtGui/qtextformat.h(115): error C2838: '{ctor}': illegal qualified name in member declaration
c:\Qt\Qt5.6.0\5.6\msvc2015_64\include\QtGui/qtextformat.h(118): error C2804: binary 'operator <<' has too many parameters
c:\Qt\Qt5.6.0\5.6\msvc2015_64\include\QtGui/qtextformat.h(119): error C2804: binary 'operator >>' has too many parameters
c:\Qt\Qt5.6.0\5.6\msvc2015_64\include\QtGui/qtextformat.h(123): error C2804: binary 'operator <<' has too many parameters
c:\Qt\Qt5.6.0\5.6\msvc2015_64\include\QtGui/qtextformat.h(374): error C3412: 'QTypeInfo<controller::QTextFormat>': cannot specialize template in current scope
c:\Qt\Qt5.6.0\5.6\msvc2015_64\include\QtGui/qtextformat.h(377): error C3254: 'controller': class contains explicit override 'setObjectType' but does not derive from an interface that contains the function declaration
c:\Qt\Qt5.6.0\5.6\msvc2015_64\include\QtGui/qtextformat.h(377): error C2838: 'setObjectType': illegal qualified name in member declaration
c:\Qt\Qt5.6.0\5.6\msvc2015_64\include\QtGui/qtextformat.h(379): error C2804: binary 'operator |' has too many parameters
c:\Qt\Qt5.6.0\5.6\msvc2015_64\include\QtGui/qtextformat.h(379): error C2333: 'controller::operator |': error in function declaration; skipping function body
c:\Qt\Qt5.6.0\5.6\msvc2015_64\include\QtGui/qtextformat.h(434): error C2027: use of undefined type 'controller::QFont'
  c:\Qt\Qt5.6.0\5.6\msvc2015_64\include\QtGui/qtextformat.h(51): note: see declaration of 'controller::QFont'
c:\Qt\Qt5.6.0\5.6\msvc2015_64\include\QtGui/qtextformat.h(434): error C2061: syntax error: identifier 'Capitalization'
c:\Qt\Qt5.6.0\5.6\msvc2015_64\include\QtGui/qtextformat.h(436): error C2027: use of undefined type 'controller::QFont'
  c:\Qt\Qt5.6.0\5.6\msvc2015_64\include\QtGui/qtextformat.h(51): note: see declaration of 'controller::QFont'
c:\Qt\Qt5.6.0\5.6\msvc2015_64\include\QtGui/qtextformat.h(436): error C3646: 'fontCapitalization': unknown override specifier
c:\Qt\Qt5.6.0\5.6\msvc2015_64\include\QtGui/qtextformat.h(436): error C2059: syntax error: ')'
c:\Qt\Qt5.6.0\5.6\msvc2015_64\include\QtGui/qtextformat.h(437): error C2334: unexpected token(s) preceding '{'; skipping apparent function body
c:\Qt\Qt5.6.0\5.6\msvc2015_64\include\QtGui/qtextformat.h(438): error C2027: use of undefined type 'controller::QFont'
  c:\Qt\Qt5.6.0\5.6\msvc2015_64\include\QtGui/qtextformat.h(51): note: see declaration of 'controller::QFont'
c:\Qt\Qt5.6.0\5.6\msvc2015_64\include\QtGui/qtextformat.h(438): error C2061: syntax error: identifier 'SpacingType'
c:\Qt\Qt5.6.0\5.6\msvc2015_64\include\QtGui/qtextformat.h(440): error C2027: use of undefined type 'controller::QFont'
  c:\Qt\Qt5.6.0\5.6\msvc2015_64\include\QtGui/qtextformat.h(51): note: see declaration of 'controller::QFont'
c:\Qt\Qt5.6.0\5.6\msvc2015_64\include\QtGui/qtextformat.h(440): error C3646: 'fontLetterSpacingType': unknown override specifier
c:\Qt\Qt5.6.0\5.6\msvc2015_64\include\QtGui/qtextformat.h(440): error C2059: syntax error: ')'
c:\Qt\Qt5.6.0\5.6\msvc2015_64\include\QtGui/qtextformat.h(441): error C2334: unexpected token(s) preceding '{'; skipping apparent function body
c:\Qt\Qt5.6.0\5.6\msvc2015_64\include\QtGui/qtextformat.h(480): error C2027: use of undefined type 'controller::QFont'
  c:\Qt\Qt5.6.0\5.6\msvc2015_64\include\QtGui/qtextformat.h(51): note: see declaration of 'controller::QFont'
c:\Qt\Qt5.6.0\5.6\msvc2015_64\include\QtGui/qtextformat.h(480): error C2061: syntax error: identifier 'StyleHint'
c:\Qt\Qt5.6.0\5.6\msvc2015_64\include\QtGui/qtextformat.h(482): error C2027: use of undefined type 'controller::QFont'
  c:\Qt\Qt5.6.0\5.6\msvc2015_64\include\QtGui/qtextformat.h(51): note: see declaration of 'controller::QFont'
c:\Qt\Qt5.6.0\5.6\msvc2015_64\include\QtGui/qtextformat.h(482): error C2061: syntax error: identifier 'StyleStrategy'
c:\Qt\Qt5.6.0\5.6\msvc2015_64\include\QtGui/qtextformat.h(484): error C2027: use of undefined type 'controller::QFont'
  c:\Qt\Qt5.6.0\5.6\msvc2015_64\include\QtGui/qtextformat.h(51): note: see declaration of 'controller::QFont'
c:\Qt\Qt5.6.0\5.6\msvc2015_64\include\QtGui/qtextformat.h(484): error C3646: 'fontStyleHint': unknown override specifier
c:\Qt\Qt5.6.0\5.6\msvc2015_64\include\QtGui/qtextformat.h(484): error C2059: syntax error: '('
c:\Qt\Qt5.6.0\5.6\msvc2015_64\include\QtGui/qtextformat.h(485): error C2334: unexpected token(s) preceding '{'; skipping apparent function body
c:\Qt\Qt5.6.0\5.6\msvc2015_64\include\QtGui/qtextformat.h(486): error C2027: use of undefined type 'controller::QFont'
  c:\Qt\Qt5.6.0\5.6\msvc2015_64\include\QtGui/qtextformat.h(51): note: see declaration of 'controller::QFont'
c:\Qt\Qt5.6.0\5.6\msvc2015_64\include\QtGui/qtextformat.h(486): error C3646: 'fontStyleStrategy': unknown override specifier
c:\Qt\Qt5.6.0\5.6\msvc2015_64\include\QtGui/qtextformat.h(486): error C2059: syntax error: '('
c:\Qt\Qt5.6.0\5.6\msvc2015_64\include\QtGui/qtextformat.h(487): error C2334: unexpected token(s) preceding '{'; skipping apparent function body
c:\Qt\Qt5.6.0\5.6\msvc2015_64\include\QtGui/qtextformat.h(489): error C2027: use of undefined type 'controller::QFont'
  c:\Qt\Qt5.6.0\5.6\msvc2015_64\include\QtGui/qtextformat.h(51): note: see declaration of 'controller::QFont'
c:\Qt\Qt5.6.0\5.6\msvc2015_64\include\QtGui/qtextformat.h(489): error C2061: syntax error: identifier 'HintingPreference'
c:\Qt\Qt5.6.0\5.6\msvc2015_64\include\QtGui/qtextformat.h(494): error C2027: use of undefined type 'controller::QFont'
  c:\Qt\Qt5.6.0\5.6\msvc2015_64\include\QtGui/qtextformat.h(51): note: see declaration of 'controller::QFont'
c:\Qt\Qt5.6.0\5.6\msvc2015_64\include\QtGui/qtextformat.h(494): error C3646: 'fontHintingPreference': unknown override specifier
c:\Qt\Qt5.6.0\5.6\msvc2015_64\include\QtGui/qtextformat.h(494): error C2059: syntax error: ')'
c:\Qt\Qt5.6.0\5.6\msvc2015_64\include\QtGui/qtextformat.h(495): error C2334: unexpected token(s) preceding '{'; skipping apparent function body
c:\Qt\Qt5.6.0\5.6\msvc2015_64\include\QtGui/qtextformat.h(553): error C3412: 'QTypeInfo<controller::QTextCharFormat>': cannot specialize template in current scope
c:\Qt\Qt5.6.0\5.6\msvc2015_64\include\QtGui/qtextformat.h(556): error C3254: 'controller': class contains explicit override 'setTableCellRowSpan' but does not derive from an interface that contains the function declaration
c:\Qt\Qt5.6.0\5.6\msvc2015_64\include\QtGui/qtextformat.h(556): error C2838: 'setTableCellRowSpan': illegal qualified name in member declaration
c:\Qt\Qt5.6.0\5.6\msvc2015_64\include\QtGui/qtextformat.h(564): error C3254: 'controller': class contains explicit override 'setTableCellColumnSpan' but does not derive from an interface that contains the function declaration
c:\Qt\Qt5.6.0\5.6\msvc2015_64\include\QtGui/qtextformat.h(564): error C2838: 'setTableCellColumnSpan': illegal qualified name in member declaration
c:\Qt\Qt5.6.0\5.6\msvc2015_64\include\QtGui/qtextformat.h(645): error C3412: 'QTypeInfo<controller::QTextBlockFormat>': cannot specialize template in current scope
c:\Qt\Qt5.6.0\5.6\msvc2015_64\include\QtGui/qtextformat.h(648): error C3254: 'controller': class contains explicit override 'setAlignment' but does not derive from an interface that contains the function declaration
c:\Qt\Qt5.6.0\5.6\msvc2015_64\include\QtGui/qtextformat.h(648): error C2838: 'setAlignment': illegal qualified name in member declaration
c:\Qt\Qt5.6.0\5.6\msvc2015_64\include\QtGui/qtextformat.h(648): error C2535: 'void controller::setAlignment(Qt::Alignment)': member function already defined or declared
  c:\Qt\Qt5.6.0\5.6\msvc2015_64\include\QtGui/qtextoption.h(138): note: see declaration of 'controller::setAlignment'
c:\Qt\Qt5.6.0\5.6\msvc2015_64\include\QtGui/qtextformat.h(651): error C3254: 'controller': class contains explicit override 'setIndent' but does not derive from an interface that contains the function declaration
c:\Qt\Qt5.6.0\5.6\msvc2015_64\include\QtGui/qtextformat.h(651): error C2838: 'setIndent': illegal qualified name in member declaration
c:\Qt\Qt5.6.0\5.6\msvc2015_64\include\QtGui/qtextformat.h(654): error C3254: 'controller': class contains explicit override 'lineHeight' but does not derive from an interface that contains the function declaration
c:\Qt\Qt5.6.0\5.6\msvc2015_64\include\QtGui/qtextformat.h(654): error C2838: 'lineHeight': illegal qualified name in member declaration
c:\Qt\Qt5.6.0\5.6\msvc2015_64\include\QtGui/qtextformat.h(710): error C3412: 'QTypeInfo<controller::QTextListFormat>': cannot specialize template in current scope
c:\Qt\Qt5.6.0\5.6\msvc2015_64\include\QtGui/qtextformat.h(713): error C3254: 'controller': class contains explicit override 'setStyle' but does not derive from an interface that contains the function declaration
c:\Qt\Qt5.6.0\5.6\msvc2015_64\include\QtGui/qtextformat.h(713): error C2838: 'setStyle': illegal qualified name in member declaration
c:\Qt\Qt5.6.0\5.6\msvc2015_64\include\QtGui/qtextformat.h(716): error C3254: 'controller': class contains explicit override 'setIndent' but does not derive from an interface that contains the function declaration
c:\Qt\Qt5.6.0\5.6\msvc2015_64\include\QtGui/qtextformat.h(716): error C2838: 'setIndent': illegal qualified name in member declaration
c:\Qt\Qt5.6.0\5.6\msvc2015_64\include\QtGui/qtextformat.h(716): error C2535: 'void controller::setIndent(int)': member function already defined or declared
  c:\Qt\Qt5.6.0\5.6\msvc2015_64\include\QtGui/qtextformat.h(650): note: see declaration of 'controller::setIndent'
c:\Qt\Qt5.6.0\5.6\msvc2015_64\include\QtGui/qtextformat.h(719): error C3254: 'controller': class contains explicit override 'setNumberPrefix' but does not derive from an interface that contains the function declaration
c:\Qt\Qt5.6.0\5.6\msvc2015_64\include\QtGui/qtextformat.h(719): error C2838: 'setNumberPrefix': illegal qualified name in member declaration
c:\Qt\Qt5.6.0\5.6\msvc2015_64\include\QtGui/qtextformat.h(722): error C3254: 'controller': class contains explicit override 'setNumberSuffix' but does not derive from an interface that contains the function declaration
c:\Qt\Qt5.6.0\5.6\msvc2015_64\include\QtGui/qtextformat.h(722): fatal error C1003: error count exceeds 100; stopping compilation
  main.cpp
c:\Qt\Qt5.6.0\5.6\msvc2015_64\include\QtCore/qeventloop.h(45): error C2504: 'controller::QObject': base class undefined
c:\Qt\Qt5.6.0\5.6\msvc2015_64\include\QtCore/qeventloop.h(73): error C3668: 'controller::QEventLoop::event': method with override specifier 'override' did not override any base class methods
c:\Qt\Qt5.6.0\5.6\msvc2015_64\include\QtCore/qeventloop.h(79): error C2804: binary 'operator |' has too many parameters
c:\Qt\Qt5.6.0\5.6\msvc2015_64\include\QtCore/qeventloop.h(79): error C2333: 'controller::operator |': error in function declaration; skipping function body
c:\Qt\Qt5.6.0\5.6\msvc2015_64\include\QtCore/qcoreapplication.h(70): error C2504: 'controller::QObject': base class undefined
c:\Qt\Qt5.6.0\5.6\msvc2015_64\include\QtCore/qcoreapplication.h(182): error C3668: 'controller::QCoreApplication::event': method with override specifier 'override' did not override any base class methods
c:\Qt\Qt5.6.0\5.6\msvc2015_64\include\QtCore/qcoreapplication.h(227): error C3254: 'controller': class contains explicit override 'sendEvent' but does not derive from an interface that contains the function declaration
c:\Qt\Qt5.6.0\5.6\msvc2015_64\include\QtCore/qcoreapplication.h(227): error C2838: 'sendEvent': illegal qualified name in member declaration
c:\Qt\Qt5.6.0\5.6\msvc2015_64\include\QtCore/qcoreapplication.h(230): error C3254: 'controller': class contains explicit override 'sendSpontaneousEvent' but does not derive from an interface that contains the function declaration
c:\Qt\Qt5.6.0\5.6\msvc2015_64\include\QtCore/qcoreapplication.h(230): error C2838: 'sendSpontaneousEvent': illegal qualified name in member declaration
c:\Qt\Qt5.6.0\5.6\msvc2015_64\include\QtCore/qcoreapplication.h(265): error C2804: binary 'operator <<' has too many parameters
c:\Qt\Qt5.6.0\5.6\msvc2015_64\include\QtGui/qinputmethod.h(48): error C2504: 'controller::QObject': base class undefined
C:\Program Files (x86)\Microsoft Visual Studio 14.0\VC\include\excpt.h(14): error C2059: syntax error: 'string'
C:\Program Files (x86)\Microsoft Visual Studio 14.0\VC\include\excpt.h(14): error C2334: unexpected token(s) preceding '{'; skipping apparent function body
C:\Program Files (x86)\Windows Kits\8.1\Include\shared\windef.h(17): error C2059: syntax error: 'string'
C:\Program Files (x86)\Windows Kits\8.1\Include\shared\windef.h(17): error C2334: unexpected token(s) preceding '{'; skipping apparent function body
C:\Program Files (x86)\Windows Kits\8.1\Include\um\minwinbase.h(29): error C2059: syntax error: 'string'
C:\Program Files (x86)\Windows Kits\8.1\Include\um\minwinbase.h(29): error C2334: unexpected token(s) preceding '{'; skipping apparent function body
C:\Program Files (x86)\Windows Kits\8.1\Include\um\processenv.h(38): error C2059: syntax error: 'string'
C:\Program Files (x86)\Windows Kits\8.1\Include\um\processenv.h(38): error C2334: unexpected token(s) preceding '{'; skipping apparent function body
C:\Program Files (x86)\Windows Kits\8.1\Include\um\fileapi.h(41): error C2059: syntax error: 'string'
C:\Program Files (x86)\Windows Kits\8.1\Include\um\fileapi.h(41): error C2334: unexpected token(s) preceding '{'; skipping apparent function body
C:\Program Files (x86)\Windows Kits\8.1\Include\um\debugapi.h(37): error C2059: syntax error: 'string'
C:\Program Files (x86)\Windows Kits\8.1\Include\um\debugapi.h(37): error C2334: unexpected token(s) preceding '{'; skipping apparent function body
C:\Program Files (x86)\Windows Kits\8.1\Include\um\utilapiset.h(32): error C2059: syntax error: 'string'
C:\Program Files (x86)\Windows Kits\8.1\Include\um\utilapiset.h(32): error C2334: unexpected token(s) preceding '{'; skipping apparent function body
C:\Program Files (x86)\Windows Kits\8.1\Include\um\handleapi.h(32): error C2059: syntax error: 'string'
C:\Program Files (x86)\Windows Kits\8.1\Include\um\handleapi.h(32): error C2334: unexpected token(s) preceding '{'; skipping apparent function body
C:\Program Files (x86)\Windows Kits\8.1\Include\um\errhandlingapi.h(36): error C2059: syntax error: 'string'
C:\Program Files (x86)\Windows Kits\8.1\Include\um\errhandlingapi.h(36): error C2334: unexpected token(s) preceding '{'; skipping apparent function body
C:\Program Files (x86)\Windows Kits\8.1\Include\um\fibersapi.h(36): error C2059: syntax error: 'string'
C:\Program Files (x86)\Windows Kits\8.1\Include\um\fibersapi.h(36): error C2334: unexpected token(s) preceding '{'; skipping apparent function body
C:\Program Files (x86)\Windows Kits\8.1\Include\um\namedpipeapi.h(37): error C2059: syntax error: 'string'
C:\Program Files (x86)\Windows Kits\8.1\Include\um\namedpipeapi.h(37): error C2334: unexpected token(s) preceding '{'; skipping apparent function body
C:\Program Files (x86)\Windows Kits\8.1\Include\um\profileapi.h(32): error C2059: syntax error: 'string'
C:\Program Files (x86)\Windows Kits\8.1\Include\um\profileapi.h(32): error C2334: unexpected token(s) preceding '{'; skipping apparent function body
C:\Program Files (x86)\Windows Kits\8.1\Include\um\heapapi.h(35): error C2059: syntax error: 'string'
C:\Program Files (x86)\Windows Kits\8.1\Include\um\heapapi.h(35): error C2334: unexpected token(s) preceding '{'; skipping apparent function body
C:\Program Files (x86)\Windows Kits\8.1\Include\um\ioapiset.h(37): error C2059: syntax error: 'string'
C:\Program Files (x86)\Windows Kits\8.1\Include\um\ioapiset.h(37): error C2334: unexpected token(s) preceding '{'; skipping apparent function body
C:\Program Files (x86)\Windows Kits\8.1\Include\um\synchapi.h(38): error C2059: syntax error: 'string'
C:\Program Files (x86)\Windows Kits\8.1\Include\um\synchapi.h(38): error C2334: unexpected token(s) preceding '{'; skipping apparent function body
C:\Program Files (x86)\Windows Kits\8.1\Include\um\interlockedapi.h(36): error C2059: syntax error: 'string'
C:\Program Files (x86)\Windows Kits\8.1\Include\um\interlockedapi.h(36): error C2334: unexpected token(s) preceding '{'; skipping apparent function body
C:\Program Files (x86)\Windows Kits\8.1\Include\um\processthreadsapi.h(40): error C2059: syntax error: 'string'
C:\Program Files (x86)\Windows Kits\8.1\Include\um\processthreadsapi.h(40): error C2334: unexpected token(s) preceding '{'; skipping apparent function body
C:\Program Files (x86)\Windows Kits\8.1\Include\um\sysinfoapi.h(62): error C2059: syntax error: 'string'
C:\Program Files (x86)\Windows Kits\8.1\Include\um\sysinfoapi.h(62): error C2334: unexpected token(s) preceding '{'; skipping apparent function body
C:\Program Files (x86)\Windows Kits\8.1\Include\um\memoryapi.h(41): error C2059: syntax error: 'string'
C:\Program Files (x86)\Windows Kits\8.1\Include\um\memoryapi.h(41): error C2334: unexpected token(s) preceding '{'; skipping apparent function body
C:\Program Files (x86)\Windows Kits\8.1\Include\um\threadpoollegacyapiset.h(33): error C2059: syntax error: 'string'
C:\Program Files (x86)\Windows Kits\8.1\Include\um\threadpoollegacyapiset.h(33): error C2334: unexpected token(s) preceding '{'; skipping apparent function body
C:\Program Files (x86)\Windows Kits\8.1\Include\um\threadpoolapiset.h(36): error C2059: syntax error: 'string'
C:\Program Files (x86)\Windows Kits\8.1\Include\um\threadpoolapiset.h(36): error C2334: unexpected token(s) preceding '{'; skipping apparent function body
C:\Program Files (x86)\Windows Kits\8.1\Include\um\bemapiset.h(33): error C2059: syntax error: 'string'
C:\Program Files (x86)\Windows Kits\8.1\Include\um\bemapiset.h(33): error C2334: unexpected token(s) preceding '{'; skipping apparent function body
C:\Program Files (x86)\Windows Kits\8.1\Include\um\jobapi.h(33): error C2059: syntax error: 'string'
C:\Program Files (x86)\Windows Kits\8.1\Include\um\jobapi.h(33): error C2334: unexpected token(s) preceding '{'; skipping apparent function body
C:\Program Files (x86)\Windows Kits\8.1\Include\um\wow64apiset.h(33): error C2059: syntax error: 'string'
C:\Program Files (x86)\Windows Kits\8.1\Include\um\wow64apiset.h(33): error C2334: unexpected token(s) preceding '{'; skipping apparent function body
C:\Program Files (x86)\Windows Kits\8.1\Include\um\libloaderapi.h(40): error C2059: syntax error: 'string'
C:\Program Files (x86)\Windows Kits\8.1\Include\um\libloaderapi.h(40): error C2334: unexpected token(s) preceding '{'; skipping apparent function body
C:\Program Files (x86)\Windows Kits\8.1\Include\um\securitybaseapi.h(37): error C2059: syntax error: 'string'
C:\Program Files (x86)\Windows Kits\8.1\Include\um\securitybaseapi.h(37): error C2334: unexpected token(s) preceding '{'; skipping apparent function body
C:\Program Files (x86)\Windows Kits\8.1\Include\um\namespaceapi.h(33): error C2059: syntax error: 'string'
C:\Program Files (x86)\Windows Kits\8.1\Include\um\namespaceapi.h(33): error C2334: unexpected token(s) preceding '{'; skipping apparent function body
C:\Program Files (x86)\Windows Kits\8.1\Include\um\systemtopologyapi.h(33): error C2059: syntax error: 'string'
C:\Program Files (x86)\Windows Kits\8.1\Include\um\systemtopologyapi.h(33): error C2334: unexpected token(s) preceding '{'; skipping apparent function body
C:\Program Files (x86)\Windows Kits\8.1\Include\um\processtopologyapi.h(36): error C2059: syntax error: 'string'
C:\Program Files (x86)\Windows Kits\8.1\Include\um\processtopologyapi.h(36): error C2334: unexpected token(s) preceding '{'; skipping apparent function body
C:\Program Files (x86)\Windows Kits\8.1\Include\um\securityappcontainer.h(39): error C2059: syntax error: 'string'
C:\Program Files (x86)\Windows Kits\8.1\Include\um\securityappcontainer.h(39): error C2334: unexpected token(s) preceding '{'; skipping apparent function body
C:\Program Files (x86)\Windows Kits\8.1\Include\um\realtimeapiset.h(32): error C2059: syntax error: 'string'
C:\Program Files (x86)\Windows Kits\8.1\Include\um\realtimeapiset.h(32): error C2334: unexpected token(s) preceding '{'; skipping apparent function body
C:\Program Files (x86)\Windows Kits\8.1\Include\um\winbase.h(67): error C2059: syntax error: 'string'
C:\Program Files (x86)\Windows Kits\8.1\Include\um\winbase.h(67): error C2334: unexpected token(s) preceding '{'; skipping apparent function body
C:\Program Files (x86)\Windows Kits\8.1\Include\um\winbase.h(8820): error C2059: syntax error: 'string'
C:\Program Files (x86)\Windows Kits\8.1\Include\um\winbase.h(8820): error C2334: unexpected token(s) preceding '{'; skipping apparent function body
C:\Program Files (x86)\Windows Kits\8.1\Include\um\wingdi.h(48): error C2059: syntax error: 'string'
C:\Program Files (x86)\Windows Kits\8.1\Include\um\wingdi.h(48): error C2334: unexpected token(s) preceding '{'; skipping apparent function body
C:\Program Files (x86)\Windows Kits\8.1\Include\um\winuser.h(44): error C2059: syntax error: 'string'
C:\Program Files (x86)\Windows Kits\8.1\Include\um\winuser.h(44): error C2334: unexpected token(s) preceding '{'; skipping apparent function body
C:\Program Files (x86)\Windows Kits\8.1\Include\um\winnls.h(24): error C2059: syntax error: 'string'
C:\Program Files (x86)\Windows Kits\8.1\Include\um\winnls.h(24): error C2334: unexpected token(s) preceding '{'; skipping apparent function body
C:\Program Files (x86)\Windows Kits\8.1\Include\um\wincon.h(30): error C2059: syntax error: 'string'
C:\Program Files (x86)\Windows Kits\8.1\Include\um\wincon.h(30): error C2334: unexpected token(s) preceding '{'; skipping apparent function body
C:\Program Files (x86)\Windows Kits\8.1\Include\um\verrsrc.h(133): error C2059: syntax error: 'string'
C:\Program Files (x86)\Windows Kits\8.1\Include\um\verrsrc.h(133): error C2334: unexpected token(s) preceding '{'; skipping apparent function body
C:\Program Files (x86)\Windows Kits\8.1\Include\um\winver.h(23): error C2059: syntax error: 'string'
C:\Program Files (x86)\Windows Kits\8.1\Include\um\winver.h(23): error C2334: unexpected token(s) preceding '{'; skipping apparent function body
C:\Program Files (x86)\Windows Kits\8.1\Include\um\winreg.h(44): error C2059: syntax error: 'string'
C:\Program Files (x86)\Windows Kits\8.1\Include\um\winreg.h(44): error C2334: unexpected token(s) preceding '{'; skipping apparent function body
C:\Program Files (x86)\Windows Kits\8.1\Include\um\winnetwk.h(32): error C2059: syntax error: 'string'
C:\Program Files (x86)\Windows Kits\8.1\Include\um\winnetwk.h(32): error C2334: unexpected token(s) preceding '{'; skipping apparent function body
C:\Program Files (x86)\Windows Kits\8.1\Include\um\dde.h(22): error C2059: syntax error: 'string'
C:\Program Files (x86)\Windows Kits\8.1\Include\um\dde.h(22): error C2334: unexpected token(s) preceding '{'; skipping apparent function body
C:\Program Files (x86)\Windows Kits\8.1\Include\um\ddeml.h(18): error C2059: syntax error: 'string'
C:\Program Files (x86)\Windows Kits\8.1\Include\um\ddeml.h(18): error C2334: unexpected token(s) preceding '{'; skipping apparent function body
C:\Program Files (x86)\Windows Kits\8.1\Include\um\dlgs.h(264): error C3646: 'bRed': unknown override specifier
C:\Program Files (x86)\Windows Kits\8.1\Include\um\dlgs.h(264): error C4430: missing type specifier - int assumed. Note: C++ does not support default-int
C:\Program Files (x86)\Windows Kits\8.1\Include\um\dlgs.h(265): error C3646: 'bGreen': unknown override specifier
C:\Program Files (x86)\Windows Kits\8.1\Include\um\dlgs.h(265): error C4430: missing type specifier - int assumed. Note: C++ does not support default-int
C:\Program Files (x86)\Windows Kits\8.1\Include\um\dlgs.h(266): error C3646: 'bBlue': unknown override specifier
C:\Program Files (x86)\Windows Kits\8.1\Include\um\dlgs.h(266): fatal error C1003: error count exceeds 100; stopping compilation
  player.cpp
  repo.cpp
  Generating Code...
